2021-03-04 11:27:44.788  INFO 4960 --- [main] com.controller.StudentsApplication       : Starting StudentsApplication using Java 14.0.2 on DESKTOP-VF99A03 with PID 4960 (C:\Users\Bhavya\Downloads\studentstech\students\target\classes started by Bhavya in C:\Users\Bhavya\Downloads\studentstech\students)
2021-03-04 11:27:44.796  INFO 4960 --- [main] com.controller.StudentsApplication       : No active profile set, falling back to default profiles: default
2021-03-04 11:27:47.643  INFO 4960 --- [main] .s.d.r.c.RepositoryConfigurationDelegate : Bootstrapping Spring Data JPA repositories in DEFAULT mode.
2021-03-04 11:27:47.702  INFO 4960 --- [main] .s.d.r.c.RepositoryConfigurationDelegate : Finished Spring Data repository scanning in 46 ms. Found 1 JPA repository interfaces.
2021-03-04 11:27:48.871  INFO 4960 --- [main] o.s.b.w.embedded.tomcat.TomcatWebServer  : Tomcat initialized with port(s): 8080 (http)
2021-03-04 11:27:48.912  INFO 4960 --- [main] o.apache.catalina.core.StandardService   : Starting service [Tomcat]
2021-03-04 11:27:48.914  INFO 4960 --- [main] org.apache.catalina.core.StandardEngine  : Starting Servlet engine: [Apache Tomcat/9.0.43]
2021-03-04 11:27:49.089  INFO 4960 --- [main] o.a.c.c.C.[Tomcat].[localhost].[/]       : Initializing Spring embedded WebApplicationContext
2021-03-04 11:27:49.089  INFO 4960 --- [main] w.s.c.ServletWebServerApplicationContext : Root WebApplicationContext: initialization completed in 4156 ms
2021-03-04 11:27:49.385  INFO 4960 --- [main] o.hibernate.jpa.internal.util.LogHelper  : HHH000204: Processing PersistenceUnitInfo [name: default]
2021-03-04 11:27:49.470  INFO 4960 --- [main] org.hibernate.Version                    : HHH000412: Hibernate ORM core version 5.4.28.Final
2021-03-04 11:27:49.673  INFO 4960 --- [main] o.hibernate.annotations.common.Version   : HCANN000001: Hibernate Commons Annotations {5.1.2.Final}
2021-03-04 11:27:49.832  INFO 4960 --- [main] com.zaxxer.hikari.HikariDataSource       : HikariPool-1 - Starting...
2021-03-04 11:27:50.323  INFO 4960 --- [main] com.zaxxer.hikari.HikariDataSource       : HikariPool-1 - Start completed.
2021-03-04 11:27:50.349  INFO 4960 --- [main] org.hibernate.dialect.Dialect            : HHH000400: Using dialect: org.hibernate.dialect.MySQL8Dialect
2021-03-04 11:27:51.360  INFO 4960 --- [main] o.h.e.t.j.p.i.JtaPlatformInitiator       : HHH000490: Using JtaPlatform implementation: [org.hibernate.engine.transaction.jta.platform.internal.NoJtaPlatform]
2021-03-04 11:27:51.376  INFO 4960 --- [main] j.LocalContainerEntityManagerFactoryBean : Initialized JPA EntityManagerFactory for persistence unit 'default'
2021-03-04 11:27:52.154  WARN 4960 --- [main] JpaBaseConfiguration$JpaWebConfiguration : spring.jpa.open-in-view is enabled by default. Therefore, database queries may be performed during view rendering. Explicitly configure spring.jpa.open-in-view to disable this warning
2021-03-04 11:27:52.406  INFO 4960 --- [main] pertySourcedRequestMappingHandlerMapping : Mapped URL path [/v2/api-docs] onto method [springfox.documentation.swagger2.web.Swagger2Controller#getDocumentation(String, HttpServletRequest)]
2021-03-04 11:27:52.561  INFO 4960 --- [main] o.s.s.concurrent.ThreadPoolTaskExecutor  : Initializing ExecutorService 'applicationTaskExecutor'
2021-03-04 11:27:52.810  INFO 4960 --- [main] o.s.b.w.embedded.tomcat.TomcatWebServer  : Tomcat started on port(s): 8080 (http) with context path ''
2021-03-04 11:27:52.812  INFO 4960 --- [main] d.s.w.p.DocumentationPluginsBootstrapper : Context refreshed
2021-03-04 11:27:52.841  INFO 4960 --- [main] d.s.w.p.DocumentationPluginsBootstrapper : Found 1 custom documentation plugin(s)
2021-03-04 11:27:52.890  INFO 4960 --- [main] s.d.s.w.s.ApiListingReferenceScanner     : Scanning for api listing references
2021-03-04 11:27:53.173  INFO 4960 --- [main] com.controller.StudentsApplication       : Started StudentsApplication in 9.125 seconds (JVM running for 9.817)
2021-03-04 11:29:23.251  INFO 4960 --- [http-nio-8080-exec-2] o.a.c.c.C.[Tomcat].[localhost].[/]       : Initializing Spring DispatcherServlet 'dispatcherServlet'
2021-03-04 11:29:23.252  INFO 4960 --- [http-nio-8080-exec-2] o.s.web.servlet.DispatcherServlet        : Initializing Servlet 'dispatcherServlet'
2021-03-04 11:29:23.257  INFO 4960 --- [http-nio-8080-exec-2] o.s.web.servlet.DispatcherServlet        : Completed initialization in 4 ms
2021-03-04 11:29:23.295  WARN 4960 --- [http-nio-8080-exec-2] .w.s.m.s.DefaultHandlerExceptionResolver : Resolved [org.springframework.web.HttpRequestMethodNotSupportedException: Request method 'GET' not supported]
2021-03-04 11:29:49.150  WARN 4960 --- [http-nio-8080-exec-3] .w.s.m.s.DefaultHandlerExceptionResolver : Resolved [org.springframework.web.HttpRequestMethodNotSupportedException: Request method 'GET' not supported]
2021-03-04 11:30:47.616  WARN 4960 --- [http-nio-8080-exec-4] .w.s.m.s.DefaultHandlerExceptionResolver : Resolved [org.springframework.web.HttpRequestMethodNotSupportedException: Request method 'GET' not supported]
2021-03-04 11:31:22.437  INFO 4960 --- [http-nio-8080-exec-5] com.controller.StudentController         : studentStudent(id=5, firstName=chinthabattini, lastName=Sahithya, address=panchayathStreet, feeStatus=NotPaid)
2021-03-04 11:31:22.597  INFO 4960 --- [http-nio-8080-exec-5] com.controller.StudentController         : studentStudent(id=5, firstName=chinthabattini, lastName=Sahithya, address=panchayathStreet, feeStatus=NotPaid)
2021-03-04 12:29:23.614  WARN 4960 --- [HikariPool-1 housekeeper] com.zaxxer.hikari.pool.HikariPool        : HikariPool-1 - Thread starvation or clock leap detected (housekeeper delta=23m33s88ms360µs600ns).
2021-03-04 15:18:28.334  INFO 15020 --- [main] com.controller.StudentsApplication       : Starting StudentsApplication using Java 14.0.2 on DESKTOP-VF99A03 with PID 15020 (C:\Users\Bhavya\git\repository\students\target\classes started by Bhavya in C:\Users\Bhavya\git\repository\students)
2021-03-04 15:18:28.342  INFO 15020 --- [main] com.controller.StudentsApplication       : No active profile set, falling back to default profiles: default
2021-03-04 15:18:32.174  INFO 15020 --- [main] .s.d.r.c.RepositoryConfigurationDelegate : Bootstrapping Spring Data JPA repositories in DEFAULT mode.
2021-03-04 15:18:32.281  INFO 15020 --- [main] .s.d.r.c.RepositoryConfigurationDelegate : Finished Spring Data repository scanning in 70 ms. Found 1 JPA repository interfaces.
2021-03-04 15:18:33.846  INFO 15020 --- [main] o.s.b.w.embedded.tomcat.TomcatWebServer  : Tomcat initialized with port(s): 8080 (http)
2021-03-04 15:18:33.870  INFO 15020 --- [main] o.apache.catalina.core.StandardService   : Starting service [Tomcat]
2021-03-04 15:18:33.871  INFO 15020 --- [main] org.apache.catalina.core.StandardEngine  : Starting Servlet engine: [Apache Tomcat/9.0.43]
2021-03-04 15:18:34.054  INFO 15020 --- [main] o.a.c.c.C.[Tomcat].[localhost].[/]       : Initializing Spring embedded WebApplicationContext
2021-03-04 15:18:34.055  INFO 15020 --- [main] w.s.c.ServletWebServerApplicationContext : Root WebApplicationContext: initialization completed in 5448 ms
2021-03-04 15:18:34.438  INFO 15020 --- [main] o.hibernate.jpa.internal.util.LogHelper  : HHH000204: Processing PersistenceUnitInfo [name: default]
2021-03-04 15:18:34.559  INFO 15020 --- [main] org.hibernate.Version                    : HHH000412: Hibernate ORM core version 5.4.28.Final
2021-03-04 15:18:34.850  INFO 15020 --- [main] o.hibernate.annotations.common.Version   : HCANN000001: Hibernate Commons Annotations {5.1.2.Final}
2021-03-04 15:18:35.024  INFO 15020 --- [main] com.zaxxer.hikari.HikariDataSource       : HikariPool-1 - Starting...
2021-03-04 15:18:35.538  INFO 15020 --- [main] com.zaxxer.hikari.HikariDataSource       : HikariPool-1 - Start completed.
2021-03-04 15:18:35.573  INFO 15020 --- [main] org.hibernate.dialect.Dialect            : HHH000400: Using dialect: org.hibernate.dialect.MySQL8Dialect
2021-03-04 15:18:36.786  INFO 15020 --- [main] o.h.e.t.j.p.i.JtaPlatformInitiator       : HHH000490: Using JtaPlatform implementation: [org.hibernate.engine.transaction.jta.platform.internal.NoJtaPlatform]
2021-03-04 15:18:36.800  INFO 15020 --- [main] j.LocalContainerEntityManagerFactoryBean : Initialized JPA EntityManagerFactory for persistence unit 'default'
2021-03-04 15:18:37.784  WARN 15020 --- [main] JpaBaseConfiguration$JpaWebConfiguration : spring.jpa.open-in-view is enabled by default. Therefore, database queries may be performed during view rendering. Explicitly configure spring.jpa.open-in-view to disable this warning
2021-03-04 15:18:38.061  INFO 15020 --- [main] pertySourcedRequestMappingHandlerMapping : Mapped URL path [/v2/api-docs] onto method [springfox.documentation.swagger2.web.Swagger2Controller#getDocumentation(String, HttpServletRequest)]
2021-03-04 15:18:38.244  INFO 15020 --- [main] o.s.s.concurrent.ThreadPoolTaskExecutor  : Initializing ExecutorService 'applicationTaskExecutor'
2021-03-04 15:18:38.618  INFO 15020 --- [main] o.s.b.w.embedded.tomcat.TomcatWebServer  : Tomcat started on port(s): 8080 (http) with context path ''
2021-03-04 15:18:38.620  INFO 15020 --- [main] d.s.w.p.DocumentationPluginsBootstrapper : Context refreshed
2021-03-04 15:18:38.664  INFO 15020 --- [main] d.s.w.p.DocumentationPluginsBootstrapper : Found 1 custom documentation plugin(s)
2021-03-04 15:18:38.709  INFO 15020 --- [main] s.d.s.w.s.ApiListingReferenceScanner     : Scanning for api listing references
2021-03-04 15:18:39.010  INFO 15020 --- [main] com.controller.StudentsApplication       : Started StudentsApplication in 11.449 seconds (JVM running for 12.119)
2021-03-04 15:21:09.053  INFO 10852 --- [main] com.controller.StudentsApplication       : Starting StudentsApplication using Java 14.0.2 on DESKTOP-VF99A03 with PID 10852 (C:\Users\Bhavya\git\repository\students\target\classes started by Bhavya in C:\Users\Bhavya\git\repository\students)
2021-03-04 15:21:09.058  INFO 10852 --- [main] com.controller.StudentsApplication       : No active profile set, falling back to default profiles: default
2021-03-04 15:21:12.335  INFO 10852 --- [main] .s.d.r.c.RepositoryConfigurationDelegate : Bootstrapping Spring Data JPA repositories in DEFAULT mode.
2021-03-04 15:21:12.421  INFO 10852 --- [main] .s.d.r.c.RepositoryConfigurationDelegate : Finished Spring Data repository scanning in 69 ms. Found 1 JPA repository interfaces.
2021-03-04 15:21:13.916  INFO 10852 --- [main] o.s.b.w.embedded.tomcat.TomcatWebServer  : Tomcat initialized with port(s): 8080 (http)
2021-03-04 15:21:13.934  INFO 10852 --- [main] o.apache.catalina.core.StandardService   : Starting service [Tomcat]
2021-03-04 15:21:13.936  INFO 10852 --- [main] org.apache.catalina.core.StandardEngine  : Starting Servlet engine: [Apache Tomcat/9.0.43]
2021-03-04 15:21:14.148  INFO 10852 --- [main] o.a.c.c.C.[Tomcat].[localhost].[/]       : Initializing Spring embedded WebApplicationContext
2021-03-04 15:21:14.149  INFO 10852 --- [main] w.s.c.ServletWebServerApplicationContext : Root WebApplicationContext: initialization completed in 4904 ms
2021-03-04 15:21:14.511  INFO 10852 --- [main] o.hibernate.jpa.internal.util.LogHelper  : HHH000204: Processing PersistenceUnitInfo [name: default]
2021-03-04 15:21:14.586  INFO 10852 --- [main] org.hibernate.Version                    : HHH000412: Hibernate ORM core version 5.4.28.Final
2021-03-04 15:21:14.800  INFO 10852 --- [main] o.hibernate.annotations.common.Version   : HCANN000001: Hibernate Commons Annotations {5.1.2.Final}
2021-03-04 15:21:14.969  INFO 10852 --- [main] com.zaxxer.hikari.HikariDataSource       : HikariPool-1 - Starting...
2021-03-04 15:21:15.479  INFO 10852 --- [main] com.zaxxer.hikari.HikariDataSource       : HikariPool-1 - Start completed.
2021-03-04 15:21:15.499  INFO 10852 --- [main] org.hibernate.dialect.Dialect            : HHH000400: Using dialect: org.hibernate.dialect.MySQL8Dialect
2021-03-04 15:21:16.491  INFO 10852 --- [main] o.h.e.t.j.p.i.JtaPlatformInitiator       : HHH000490: Using JtaPlatform implementation: [org.hibernate.engine.transaction.jta.platform.internal.NoJtaPlatform]
2021-03-04 15:21:16.506  INFO 10852 --- [main] j.LocalContainerEntityManagerFactoryBean : Initialized JPA EntityManagerFactory for persistence unit 'default'
2021-03-04 15:21:17.529  WARN 10852 --- [main] JpaBaseConfiguration$JpaWebConfiguration : spring.jpa.open-in-view is enabled by default. Therefore, database queries may be performed during view rendering. Explicitly configure spring.jpa.open-in-view to disable this warning
2021-03-04 15:21:17.819  INFO 10852 --- [main] pertySourcedRequestMappingHandlerMapping : Mapped URL path [/v2/api-docs] onto method [springfox.documentation.swagger2.web.Swagger2Controller#getDocumentation(String, HttpServletRequest)]
2021-03-04 15:21:18.026  INFO 10852 --- [main] o.s.s.concurrent.ThreadPoolTaskExecutor  : Initializing ExecutorService 'applicationTaskExecutor'
2021-03-04 15:21:18.406  INFO 10852 --- [main] o.s.b.w.embedded.tomcat.TomcatWebServer  : Tomcat started on port(s): 8080 (http) with context path ''
2021-03-04 15:21:18.409  INFO 10852 --- [main] d.s.w.p.DocumentationPluginsBootstrapper : Context refreshed
2021-03-04 15:21:18.446  INFO 10852 --- [main] d.s.w.p.DocumentationPluginsBootstrapper : Found 1 custom documentation plugin(s)
2021-03-04 15:21:18.501  INFO 10852 --- [main] s.d.s.w.s.ApiListingReferenceScanner     : Scanning for api listing references
2021-03-04 15:21:18.808  INFO 10852 --- [main] com.controller.StudentsApplication       : Started StudentsApplication in 10.607 seconds (JVM running for 11.425)
2021-03-04 15:28:50.935  INFO 14180 --- [main] com.controller.StudentsApplication       : Starting StudentsApplication using Java 14.0.2 on DESKTOP-VF99A03 with PID 14180 (C:\Users\Bhavya\git\repository\students\target\classes started by Bhavya in C:\Users\Bhavya\git\repository\students)
2021-03-04 15:28:50.944  INFO 14180 --- [main] com.controller.StudentsApplication       : No active profile set, falling back to default profiles: default
2021-03-04 15:28:54.178  INFO 14180 --- [main] .s.d.r.c.RepositoryConfigurationDelegate : Bootstrapping Spring Data JPA repositories in DEFAULT mode.
2021-03-04 15:28:54.252  INFO 14180 --- [main] .s.d.r.c.RepositoryConfigurationDelegate : Finished Spring Data repository scanning in 47 ms. Found 1 JPA repository interfaces.
2021-03-04 15:28:55.615  INFO 14180 --- [main] o.s.b.w.embedded.tomcat.TomcatWebServer  : Tomcat initialized with port(s): 8080 (http)
2021-03-04 15:28:55.633  INFO 14180 --- [main] o.apache.catalina.core.StandardService   : Starting service [Tomcat]
2021-03-04 15:28:55.634  INFO 14180 --- [main] org.apache.catalina.core.StandardEngine  : Starting Servlet engine: [Apache Tomcat/9.0.43]
2021-03-04 15:28:55.788  INFO 14180 --- [main] o.a.c.c.C.[Tomcat].[localhost].[/]       : Initializing Spring embedded WebApplicationContext
2021-03-04 15:28:55.789  INFO 14180 --- [main] w.s.c.ServletWebServerApplicationContext : Root WebApplicationContext: initialization completed in 4665 ms
2021-03-04 15:28:56.141  INFO 14180 --- [main] o.hibernate.jpa.internal.util.LogHelper  : HHH000204: Processing PersistenceUnitInfo [name: default]
2021-03-04 15:28:56.234  INFO 14180 --- [main] org.hibernate.Version                    : HHH000412: Hibernate ORM core version 5.4.28.Final
2021-03-04 15:28:56.458  INFO 14180 --- [main] o.hibernate.annotations.common.Version   : HCANN000001: Hibernate Commons Annotations {5.1.2.Final}
2021-03-04 15:28:56.630  INFO 14180 --- [main] com.zaxxer.hikari.HikariDataSource       : HikariPool-1 - Starting...
2021-03-04 15:28:57.159  INFO 14180 --- [main] com.zaxxer.hikari.HikariDataSource       : HikariPool-1 - Start completed.
2021-03-04 15:28:57.182  INFO 14180 --- [main] org.hibernate.dialect.Dialect            : HHH000400: Using dialect: org.hibernate.dialect.MySQL8Dialect
2021-03-04 15:28:58.316  INFO 14180 --- [main] o.h.e.t.j.p.i.JtaPlatformInitiator       : HHH000490: Using JtaPlatform implementation: [org.hibernate.engine.transaction.jta.platform.internal.NoJtaPlatform]
2021-03-04 15:28:58.332  INFO 14180 --- [main] j.LocalContainerEntityManagerFactoryBean : Initialized JPA EntityManagerFactory for persistence unit 'default'
2021-03-04 15:28:59.395  WARN 14180 --- [main] JpaBaseConfiguration$JpaWebConfiguration : spring.jpa.open-in-view is enabled by default. Therefore, database queries may be performed during view rendering. Explicitly configure spring.jpa.open-in-view to disable this warning
2021-03-04 15:28:59.702  INFO 14180 --- [main] pertySourcedRequestMappingHandlerMapping : Mapped URL path [/v2/api-docs] onto method [springfox.documentation.swagger2.web.Swagger2Controller#getDocumentation(String, HttpServletRequest)]
2021-03-04 15:28:59.898  INFO 14180 --- [main] o.s.s.concurrent.ThreadPoolTaskExecutor  : Initializing ExecutorService 'applicationTaskExecutor'
2021-03-04 15:29:00.329  INFO 14180 --- [main] o.s.b.w.embedded.tomcat.TomcatWebServer  : Tomcat started on port(s): 8080 (http) with context path ''
2021-03-04 15:29:00.331  INFO 14180 --- [main] d.s.w.p.DocumentationPluginsBootstrapper : Context refreshed
2021-03-04 15:29:00.375  INFO 14180 --- [main] d.s.w.p.DocumentationPluginsBootstrapper : Found 1 custom documentation plugin(s)
2021-03-04 15:29:00.439  INFO 14180 --- [main] s.d.s.w.s.ApiListingReferenceScanner     : Scanning for api listing references
2021-03-04 15:29:00.779  INFO 14180 --- [main] com.controller.StudentsApplication       : Started StudentsApplication in 10.6 seconds (JVM running for 11.278)
2021-03-04 16:01:21.889  INFO 8812 --- [main] com.controller.StudentsApplication       : Starting StudentsApplication using Java 14.0.2 on DESKTOP-VF99A03 with PID 8812 (C:\Users\Bhavya\git\repository\students\target\classes started by Bhavya in C:\Users\Bhavya\git\repository\students)
2021-03-04 16:01:21.896  INFO 8812 --- [main] com.controller.StudentsApplication       : No active profile set, falling back to default profiles: default
2021-03-04 16:01:25.196  INFO 8812 --- [main] .s.d.r.c.RepositoryConfigurationDelegate : Bootstrapping Spring Data JPA repositories in DEFAULT mode.
2021-03-04 16:01:25.263  INFO 8812 --- [main] .s.d.r.c.RepositoryConfigurationDelegate : Finished Spring Data repository scanning in 53 ms. Found 1 JPA repository interfaces.
2021-03-04 16:01:26.616  INFO 8812 --- [main] o.s.b.w.embedded.tomcat.TomcatWebServer  : Tomcat initialized with port(s): 8080 (http)
2021-03-04 16:01:26.633  INFO 8812 --- [main] o.apache.catalina.core.StandardService   : Starting service [Tomcat]
2021-03-04 16:01:26.634  INFO 8812 --- [main] org.apache.catalina.core.StandardEngine  : Starting Servlet engine: [Apache Tomcat/9.0.43]
2021-03-04 16:01:26.800  INFO 8812 --- [main] o.a.c.c.C.[Tomcat].[localhost].[/]       : Initializing Spring embedded WebApplicationContext
2021-03-04 16:01:26.801  INFO 8812 --- [main] w.s.c.ServletWebServerApplicationContext : Root WebApplicationContext: initialization completed in 4735 ms
2021-03-04 16:01:27.146  INFO 8812 --- [main] o.hibernate.jpa.internal.util.LogHelper  : HHH000204: Processing PersistenceUnitInfo [name: default]
2021-03-04 16:01:27.207  INFO 8812 --- [main] org.hibernate.Version                    : HHH000412: Hibernate ORM core version 5.4.28.Final
2021-03-04 16:01:27.438  INFO 8812 --- [main] o.hibernate.annotations.common.Version   : HCANN000001: Hibernate Commons Annotations {5.1.2.Final}
2021-03-04 16:01:27.595  INFO 8812 --- [main] com.zaxxer.hikari.HikariDataSource       : HikariPool-1 - Starting...
2021-03-04 16:01:28.120  INFO 8812 --- [main] com.zaxxer.hikari.HikariDataSource       : HikariPool-1 - Start completed.
2021-03-04 16:01:28.143  INFO 8812 --- [main] org.hibernate.dialect.Dialect            : HHH000400: Using dialect: org.hibernate.dialect.MySQL8Dialect
2021-03-04 16:01:29.112  INFO 8812 --- [main] o.h.e.t.j.p.i.JtaPlatformInitiator       : HHH000490: Using JtaPlatform implementation: [org.hibernate.engine.transaction.jta.platform.internal.NoJtaPlatform]
2021-03-04 16:01:29.124  INFO 8812 --- [main] j.LocalContainerEntityManagerFactoryBean : Initialized JPA EntityManagerFactory for persistence unit 'default'
2021-03-04 16:01:30.066  WARN 8812 --- [main] JpaBaseConfiguration$JpaWebConfiguration : spring.jpa.open-in-view is enabled by default. Therefore, database queries may be performed during view rendering. Explicitly configure spring.jpa.open-in-view to disable this warning
2021-03-04 16:01:30.338  INFO 8812 --- [main] pertySourcedRequestMappingHandlerMapping : Mapped URL path [/v2/api-docs] onto method [springfox.documentation.swagger2.web.Swagger2Controller#getDocumentation(String, HttpServletRequest)]
2021-03-04 16:01:30.507  INFO 8812 --- [main] o.s.s.concurrent.ThreadPoolTaskExecutor  : Initializing ExecutorService 'applicationTaskExecutor'
2021-03-04 16:01:30.859  INFO 8812 --- [main] o.s.b.w.embedded.tomcat.TomcatWebServer  : Tomcat started on port(s): 8080 (http) with context path ''
2021-03-04 16:01:30.860  INFO 8812 --- [main] d.s.w.p.DocumentationPluginsBootstrapper : Context refreshed
2021-03-04 16:01:30.898  INFO 8812 --- [main] d.s.w.p.DocumentationPluginsBootstrapper : Found 1 custom documentation plugin(s)
2021-03-04 16:01:30.942  INFO 8812 --- [main] s.d.s.w.s.ApiListingReferenceScanner     : Scanning for api listing references
2021-03-04 16:01:31.214  INFO 8812 --- [main] com.controller.StudentsApplication       : Started StudentsApplication in 9.939 seconds (JVM running for 10.636)
